0 info it worked if it ends with ok
1 verbose cli [ '/usr/local/bin/node', '/usr/local/bin/npm', 'start' ]
2 info using npm@2.14.2
3 info using node@v4.0.0
4 verbose run-script [ 'prestart', 'start', 'poststart' ]
5 info prestart Eat_Meet_MIT@0.0.0
6 info start Eat_Meet_MIT@0.0.0
7 verbose unsafe-perm in lifecycle true
8 info Eat_Meet_MIT@0.0.0 Failed to exec start script
9 verbose stack Error: Eat_Meet_MIT@0.0.0 start: `node ./bin/www`
9 verbose stack Exit status 1
10 verbose pkgid Eat_Meet_MIT@0.0.0
11 verbose cwd /Users/jonatanyucra/Documents/GitHub/170/jyucra_sailient_ccaldera_jdonavon_final/Eat_Meet_MIT
12 error Darwin 14.5.0
13 error argv "/usr/local/bin/node" "/usr/local/bin/npm" "start"
14 error node v4.0.0
15 error npm  v2.14.2
16 error code ELIFECYCLE
17 error Eat_Meet_MIT@0.0.0 start: `node ./bin/www`
17 error Exit status 1
18 error Failed at the Eat_Meet_MIT@0.0.0 start script 'node ./bin/www'.
18 error This is most likely a problem with the Eat_Meet_MIT package,
18 error not with npm itself.
18 error Tell the author that this fails on your system:
18 error     node ./bin/www
18 error You can get their info via:
18 error     npm owner ls Eat_Meet_MIT
18 error There is likely additional logging output above.
19 verbose exit [ 1, true ]
